
___________________________________________________________________________________________________________________________________________________
        0   1   2   3   4   5   6   7   8   9 
data:   0 999 999 999 999 999 999 999 999 999 

next:   0   2   3   4   5   6   7   8   9   0 
head = 0, free = 1


prev:   0  -1  -1  -1  -1  -1  -1  -1  -1  -1 
tail = 0



___________________________________________________________________________________________________________________________________________________

___________________________________________________________________________________________________________________________________________________
        0   1   2   3   4   5   6   7   8   9 
data:   0  10  11 999 999 999 999 999 999 999 

next:   2   0   1   4   5   6   7   8   9   0 
head = 1, free = 3


prev:   1   2   0  -1  -1  -1  -1  -1  -1  -1 
tail = 1



___________________________________________________________________________________________________________________________________________________

___________________________________________________________________________________________________________________________________________________
        0   1   2   3   4   5   6   7   8   9 
data:   0  10  11  12 999 999 999 999 999 999 

next:   2   3   1   0   5   6   7   8   9   0 
head = 1, free = 4


prev:   3   2   0   1  -1  -1  -1  -1  -1  -1 
tail = 3



___________________________________________________________________________________________________________________________________________________

___________________________________________________________________________________________________________________________________________________
        0   1   2   3   4   5   6   7   8   9 
data:   0  10  11  12  13 999 999 999 999 999 

next:   2   3   4   0   1   6   7   8   9   0 
head = 1, free = 5


prev:   3   4   0   1   2  -1  -1  -1  -1  -1 
tail = 3



___________________________________________________________________________________________________________________________________________________
